08/14/2021 06:36:04 PM - INFO - generating MQTT service test done
08/14/2021 06:36:44 PM - INFO - generating MQTT service test done
12/31/2023 02:07:11 PM - ERROR - missing model name or type
12/31/2023 02:07:13 PM - ERROR - project with name [fresh_new] exists
12/31/2023 02:07:14 PM - ERROR - generation failed
12/31/2023 02:07:16 PM - ERROR - tool is not operational
12/31/2023 02:07:17 PM - ERROR - missing model name or type
12/31/2023 02:08:33 PM - ERROR - missing model name or type
12/31/2023 02:08:35 PM - ERROR - project with name [fresh_new] exists
12/31/2023 02:08:36 PM - ERROR - generation failed
12/31/2023 02:08:38 PM - ERROR - tool is not operational
12/31/2023 02:08:39 PM - ERROR - missing model name or type
12/31/2023 02:10:45 PM - ERROR - missing model name or type
12/31/2023 02:10:46 PM - ERROR - project with name [fresh_new] exists
12/31/2023 02:10:48 PM - ERROR - generation failed
12/31/2023 02:10:49 PM - ERROR - tool is not operational
12/31/2023 02:10:51 PM - ERROR - missing model name or type
12/31/2023 02:11:23 PM - ERROR - missing model name or type
12/31/2023 02:11:24 PM - ERROR - project with name [fresh_new] exists
12/31/2023 02:11:26 PM - ERROR - generation failed
12/31/2023 02:11:27 PM - ERROR - tool is not operational
12/31/2023 02:11:29 PM - ERROR - missing model name or type
12/31/2023 02:12:15 PM - ERROR - missing model name or type
12/31/2023 02:12:16 PM - ERROR - project with name [fresh_new] exists
12/31/2023 02:12:18 PM - ERROR - generation failed
12/31/2023 02:12:19 PM - ERROR - tool is not operational
12/31/2023 02:12:21 PM - ERROR - missing model name or type
12/31/2023 02:13:48 PM - ERROR - missing model name or type
12/31/2023 02:13:49 PM - ERROR - project with name [fresh_new] exists
12/31/2023 02:13:51 PM - ERROR - generation failed
12/31/2023 02:13:52 PM - ERROR - tool is not operational
12/31/2023 02:13:54 PM - ERROR - missing model name or type
12/31/2023 02:18:55 PM - ERROR - missing model name or type
12/31/2023 02:18:56 PM - ERROR - project with name [fresh_new] exists
12/31/2023 02:18:58 PM - INFO - gen pro latest_pro done
12/31/2023 02:18:59 PM - ERROR - tool is not operational
12/31/2023 02:19:01 PM - ERROR - missing model name or type
12/31/2023 02:29:10 PM - ERROR - missing model name or type
12/31/2023 02:29:12 PM - ERROR - project with name [fresh_new] exists
12/31/2023 02:29:13 PM - INFO - gen pro latest_pro done
12/31/2023 02:29:15 PM - ERROR - tool is not operational
12/31/2023 02:29:16 PM - ERROR - missing model name or type
